<?xml version="1.0" encoding="UTF-8"?>
<!-- Generated by org.testng.reporters.JUnitXMLReporter -->
<testsuite ignored="2" hostname="Tushars-MacBook-Air.local" failures="1" tests="6" name="Car loan" time="0.027" errors="0" timestamp="2024-05-11T21:52:11 IST">
  <testcase classname="test.Day3" name="MobileLoginCarLoan" time="0.004"/>
  <testcase classname="test.Day4" name="APILoginCarLoan" time="0.002"/>
  <testcase classname="test.Day4" name="APILoginCarLoan" time="0.0"/>
  <testcase classname="test.Day4" name="APILoginCarLoan" time="0.0"/>
  <testcase classname="test.Day4" name="MobileLoginCarLoan" time="0.001"/>
  <testcase classname="test.Day4" name="WebLoginHomeLoan" time="0.003">
    <failure type="java.lang.AssertionError" message="expected [true] but found [false]">
      <![CDATA[java.lang.AssertionError: expected [true] but found [false]
at test.Day4.WebLoginHomeLoan(Day4.java:14)
at java.base/java.util.ArrayList.forEach(ArrayList.java:1511)
at java.base/java.util.concurrent.FutureTask.run(FutureTask.java:264)
at java.base/java.util.concurrent.ThreadPoolExecutor.runWorker(ThreadPoolExecutor.java:1136)
at java.base/java.util.concurrent.ThreadPoolExecutor$Worker.run(ThreadPoolExecutor.java:635)
at java.base/java.lang.Thread.run(Thread.java:833)
... Removed 19 stack frames]]>
    </failure>
  </testcase> <!-- WebLoginHomeLoan -->
  <testcase classname="test.Day3" name="WebLoginCarLoan" time="0.0">
    <ignored/>
  </testcase> <!-- WebLoginCarLoan -->
  <testcase classname="test.Day3" name="APILoginCarLoan" time="0.0">
    <ignored/>
  </testcase> <!-- APILoginCarLoan -->
</testsuite> <!-- Car loan -->
